e:\pakf1 dziga1 bogdan verzija 2\mumps_win_c\x64\debug\mumps_win_c.pdb
e:\pakf\mumps_win_c\x64\debug\mumps_win_c.pdb
e:\pakf\mumps_win_c\x64\debug\mumps_win_c.idb
e:\pakf\mumps_win_c\x64\debug\graph.obj
e:\pakf\mumps_win_c\x64\debug\interface.obj
e:\pakf\mumps_win_c\x64\debug\minpriority.obj
e:\pakf\mumps_win_c\x64\debug\multisector.obj
e:\pakf\mumps_win_c\x64\debug\nestdiss.obj
e:\pakf\mumps_win_c\x64\debug\smumps_c.obj
e:\pakf\mumps_win_c\x64\debug\smumps_io.obj
e:\pakf\mumps_win_c\x64\debug\smumps_io_basic.obj
e:\pakf\mumps_win_c\x64\debug\smumps_io_err.obj
e:\pakf\mumps_win_c\x64\debug\smumps_io_thread.obj
e:\pakf\mumps_win_c\x64\debug\smumps_orderings.obj
e:\pakf\mumps_win_c\x64\debug\sort.obj
e:\pakf\mumps_win_c\x64\debug\symbfac.obj
e:\pakf\mumps_win_c\x64\debug\tree.obj
e:\pakf\mumps_win_c\x64\debug\zmumps_c.obj
e:\pakf\mumps_win_c\x64\debug\zmumps_io.obj
e:\pakf\mumps_win_c\x64\debug\zmumps_io_basic.obj
e:\pakf\mumps_win_c\x64\debug\zmumps_io_err.obj
e:\pakf\mumps_win_c\x64\debug\zmumps_io_thread.obj
e:\pakf\mumps_win_c\x64\debug\zmumps_orderings.obj
e:\pakf\mumps_win_c\x64\debug\elapse.obj
e:\pakf\mumps_win_c\x64\debug\mpic.obj
e:\pakf\mumps_win_c\x64\debug\bucket.obj
e:\pakf\mumps_win_c\x64\debug\cmumps_c.obj
e:\pakf\mumps_win_c\x64\debug\cmumps_io.obj
e:\pakf\mumps_win_c\x64\debug\cmumps_io_basic.obj
e:\pakf\mumps_win_c\x64\debug\cmumps_io_err.obj
e:\pakf\mumps_win_c\x64\debug\cmumps_io_thread.obj
e:\pakf\mumps_win_c\x64\debug\cmumps_orderings.obj
e:\pakf\mumps_win_c\x64\debug\ddbisect.obj
e:\pakf\mumps_win_c\x64\debug\ddcreate.obj
e:\pakf\mumps_win_c\x64\debug\dmumps_c.obj
e:\pakf\mumps_win_c\x64\debug\dmumps_io.obj
e:\pakf\mumps_win_c\x64\debug\dmumps_io_basic.obj
e:\pakf\mumps_win_c\x64\debug\dmumps_io_err.obj
e:\pakf\mumps_win_c\x64\debug\dmumps_io_thread.obj
e:\pakf\mumps_win_c\x64\debug\dmumps_orderings.obj
e:\pakf\mumps_win_c\x64\debug\gbipart.obj
e:\pakf\mumps_win_c\x64\debug\gbisect.obj
e:\pakf\mumps_win_c\x64\debug\gelim.obj
e:\pakf1 dziga1 bogdan verzija 2\x64\debug\mumps_win_c.lib
e:\pakf\x64\debug\mumps_win_c.lib
e:\pakf\\x64\debug\mumps_win_c.pdb
e:\pakf\\x64\debug\mumps_win_c.lib
e:\pakf\mumps_win_c\x64\debug\mumps_win_c.tlog\cl.command.1.tlog
e:\pakf\mumps_win_c\x64\debug\mumps_win_c.tlog\cl.read.1.tlog
e:\pakf\mumps_win_c\x64\debug\mumps_win_c.tlog\cl.write.1.tlog
e:\pakf\mumps_win_c\x64\debug\mumps_win_c.tlog\lib-link.read.1.tlog
e:\pakf\mumps_win_c\x64\debug\mumps_win_c.tlog\lib-link.write.1.tlog
e:\pakf\mumps_win_c\x64\debug\mumps_win_c.tlog\lib.command.1.tlog
