e:\pakf1 dziga1 bogdan verzija 2\mumps_win_c\x64\release\mumps_win_c.pdb
e:\pakf1 dziga1 bogdan verzija 2\mumps_win_c\x64\release\gelim.obj
e:\pakf1 dziga1 bogdan verzija 2\mumps_win_c\x64\release\gbisect.obj
e:\pakf1 dziga1 bogdan verzija 2\mumps_win_c\x64\release\gbipart.obj
e:\pakf1 dziga1 bogdan verzija 2\mumps_win_c\x64\release\dmumps_orderings.obj
e:\pakf1 dziga1 bogdan verzija 2\mumps_win_c\x64\release\dmumps_io_thread.obj
e:\pakf1 dziga1 bogdan verzija 2\mumps_win_c\x64\release\dmumps_io_err.obj
e:\pakf1 dziga1 bogdan verzija 2\mumps_win_c\x64\release\dmumps_io_basic.obj
e:\pakf1 dziga1 bogdan verzija 2\mumps_win_c\x64\release\dmumps_io.obj
e:\pakf1 dziga1 bogdan verzija 2\mumps_win_c\x64\release\dmumps_c.obj
e:\pakf1 dziga1 bogdan verzija 2\mumps_win_c\x64\release\ddcreate.obj
e:\pakf1 dziga1 bogdan verzija 2\mumps_win_c\x64\release\ddbisect.obj
e:\pakf1 dziga1 bogdan verzija 2\mumps_win_c\x64\release\cmumps_orderings.obj
e:\pakf1 dziga1 bogdan verzija 2\mumps_win_c\x64\release\cmumps_io_thread.obj
e:\pakf1 dziga1 bogdan verzija 2\mumps_win_c\x64\release\cmumps_io_err.obj
e:\pakf1 dziga1 bogdan verzija 2\mumps_win_c\x64\release\cmumps_io_basic.obj
e:\pakf1 dziga1 bogdan verzija 2\mumps_win_c\x64\release\cmumps_io.obj
e:\pakf1 dziga1 bogdan verzija 2\mumps_win_c\x64\release\cmumps_c.obj
e:\pakf1 dziga1 bogdan verzija 2\mumps_win_c\x64\release\bucket.obj
e:\pakf1 dziga1 bogdan verzija 2\mumps_win_c\x64\release\mpic.obj
e:\pakf1 dziga1 bogdan verzija 2\mumps_win_c\x64\release\elapse.obj
e:\pakf1 dziga1 bogdan verzija 2\mumps_win_c\x64\release\zmumps_orderings.obj
e:\pakf1 dziga1 bogdan verzija 2\mumps_win_c\x64\release\zmumps_io_thread.obj
e:\pakf1 dziga1 bogdan verzija 2\mumps_win_c\x64\release\zmumps_io_err.obj
e:\pakf1 dziga1 bogdan verzija 2\mumps_win_c\x64\release\zmumps_io_basic.obj
e:\pakf1 dziga1 bogdan verzija 2\mumps_win_c\x64\release\zmumps_io.obj
e:\pakf1 dziga1 bogdan verzija 2\mumps_win_c\x64\release\zmumps_c.obj
e:\pakf1 dziga1 bogdan verzija 2\mumps_win_c\x64\release\tree.obj
e:\pakf1 dziga1 bogdan verzija 2\mumps_win_c\x64\release\symbfac.obj
e:\pakf1 dziga1 bogdan verzija 2\mumps_win_c\x64\release\sort.obj
e:\pakf1 dziga1 bogdan verzija 2\mumps_win_c\x64\release\smumps_orderings.obj
e:\pakf1 dziga1 bogdan verzija 2\mumps_win_c\x64\release\smumps_io_thread.obj
e:\pakf1 dziga1 bogdan verzija 2\mumps_win_c\x64\release\smumps_io_err.obj
e:\pakf1 dziga1 bogdan verzija 2\mumps_win_c\x64\release\smumps_io_basic.obj
e:\pakf1 dziga1 bogdan verzija 2\mumps_win_c\x64\release\smumps_io.obj
e:\pakf1 dziga1 bogdan verzija 2\mumps_win_c\x64\release\smumps_c.obj
e:\pakf1 dziga1 bogdan verzija 2\mumps_win_c\x64\release\nestdiss.obj
e:\pakf1 dziga1 bogdan verzija 2\mumps_win_c\x64\release\multisector.obj
e:\pakf1 dziga1 bogdan verzija 2\mumps_win_c\x64\release\minpriority.obj
e:\pakf1 dziga1 bogdan verzija 2\mumps_win_c\x64\release\interface.obj
e:\pakf1 dziga1 bogdan verzija 2\mumps_win_c\x64\release\graph.obj
e:\pakf1 dziga1 bogdan verzija 2\x64\release\mumps_win_c.lib
e:\pakf\mumps_win_c\x64\release\bucket.obj
e:\pakf\mumps_win_c\x64\release\cmumps_c.obj
e:\pakf\mumps_win_c\x64\release\cmumps_io.obj
e:\pakf\mumps_win_c\x64\release\cmumps_io_basic.obj
e:\pakf\mumps_win_c\x64\release\cmumps_io_err.obj
e:\pakf\mumps_win_c\x64\release\cmumps_io_thread.obj
e:\pakf\mumps_win_c\x64\release\cmumps_orderings.obj
e:\pakf\mumps_win_c\x64\release\ddbisect.obj
e:\pakf\mumps_win_c\x64\release\ddcreate.obj
e:\pakf\mumps_win_c\x64\release\dmumps_c.obj
e:\pakf\mumps_win_c\x64\release\dmumps_io.obj
e:\pakf\mumps_win_c\x64\release\dmumps_io_basic.obj
e:\pakf\mumps_win_c\x64\release\dmumps_io_err.obj
e:\pakf\mumps_win_c\x64\release\dmumps_io_thread.obj
e:\pakf\mumps_win_c\x64\release\dmumps_orderings.obj
e:\pakf\mumps_win_c\x64\release\elapse.obj
e:\pakf\mumps_win_c\x64\release\gbipart.obj
e:\pakf\mumps_win_c\x64\release\gbisect.obj
e:\pakf\mumps_win_c\x64\release\gelim.obj
e:\pakf\mumps_win_c\x64\release\graph.obj
e:\pakf\mumps_win_c\x64\release\interface.obj
e:\pakf\mumps_win_c\x64\release\minpriority.obj
e:\pakf\mumps_win_c\x64\release\mpic.obj
e:\pakf\mumps_win_c\x64\release\multisector.obj
e:\pakf\mumps_win_c\x64\release\nestdiss.obj
e:\pakf\mumps_win_c\x64\release\smumps_c.obj
e:\pakf\mumps_win_c\x64\release\smumps_io.obj
e:\pakf\mumps_win_c\x64\release\smumps_io_basic.obj
e:\pakf\mumps_win_c\x64\release\smumps_io_err.obj
e:\pakf\mumps_win_c\x64\release\smumps_io_thread.obj
e:\pakf\mumps_win_c\x64\release\smumps_orderings.obj
e:\pakf\mumps_win_c\x64\release\sort.obj
e:\pakf\mumps_win_c\x64\release\symbfac.obj
e:\pakf\mumps_win_c\x64\release\tree.obj
e:\pakf\mumps_win_c\x64\release\zmumps_c.obj
e:\pakf\mumps_win_c\x64\release\zmumps_io.obj
e:\pakf\mumps_win_c\x64\release\zmumps_io_basic.obj
e:\pakf\mumps_win_c\x64\release\zmumps_io_err.obj
e:\pakf\mumps_win_c\x64\release\zmumps_io_thread.obj
e:\pakf\mumps_win_c\x64\release\zmumps_orderings.obj
e:\pakf\mumps_win_c\x64\release\mumps_win_c.pdb
e:\pakf\\x64\release\mumps_win_c.lib
e:\pakf\mumps_win_c\x64\release\mumps_win_c.tlog\cl.command.1.tlog
e:\pakf\mumps_win_c\x64\release\mumps_win_c.tlog\cl.read.1.tlog
e:\pakf\mumps_win_c\x64\release\mumps_win_c.tlog\cl.write.1.tlog
e:\pakf\mumps_win_c\x64\release\mumps_win_c.tlog\lib-link.read.1.tlog
e:\pakf\mumps_win_c\x64\release\mumps_win_c.tlog\lib-link.write.1.tlog
e:\pakf\mumps_win_c\x64\release\mumps_win_c.tlog\lib.command.1.tlog
